{"C:\\Users\\yidav\\ECS_projects\\HW3\\ecs162_hw3\\static\\main.js": {"path":"C:\\Users\\yidav\\ECS_projects\\HW3\\ecs162_hw3\\static\\main.js","statementMap":{"0":{"start":{"line":1,"column":20},"end":{"line":1,"column":25}},"1":{"start":{"line":2,"column":32},"end":{"line":2,"column":36}},"2":{"start":{"line":3,"column":23},"end":{"line":3,"column":27}},"3":{"start":{"line":4,"column":32},"end":{"line":4,"column":37}},"4":{"start":{"line":7,"column":16},"end":{"line":7,"column":26}},"5":{"start":{"line":9,"column":18},"end":{"line":14,"column":3}},"6":{"start":{"line":16,"column":2},"end":{"line":16,"column":52}},"7":{"start":{"line":21,"column":4},"end":{"line":28,"column":5}},"8":{"start":{"line":23,"column":21},"end":{"line":23,"column":44}},"9":{"start":{"line":24,"column":17},"end":{"line":24,"column":38}},"10":{"start":{"line":25,"column":4},"end":{"line":25,"column":23}},"11":{"start":{"line":30,"column":11},"end":{"line":30,"column":12}},"12":{"start":{"line":33,"column":17},"end":{"line":33,"column":36}},"13":{"start":{"line":34,"column":16},"end":{"line":34,"column":28}},"14":{"start":{"line":35,"column":17},"end":{"line":35,"column":19}},"15":{"start":{"line":37,"column":2},"end":{"line":54,"column":3}},"16":{"start":{"line":38,"column":18},"end":{"line":38,"column":118}},"17":{"start":{"line":39,"column":6},"end":{"line":39,"column":23}},"18":{"start":{"line":40,"column":23},"end":{"line":40,"column":39}},"19":{"start":{"line":41,"column":19},"end":{"line":41,"column":40}},"20":{"start":{"line":42,"column":23},"end":{"line":42,"column":41}},"21":{"start":{"line":44,"column":6},"end":{"line":52,"column":7}},"22":{"start":{"line":45,"column":27},"end":{"line":45,"column":39}},"23":{"start":{"line":46,"column":10},"end":{"line":51,"column":11}},"24":{"start":{"line":47,"column":14},"end":{"line":50,"column":15}},"25":{"start":{"line":48,"column":18},"end":{"line":48,"column":37}},"26":{"start":{"line":49,"column":18},"end":{"line":49,"column":24}},"27":{"start":{"line":53,"column":6},"end":{"line":53,"column":13}},"28":{"start":{"line":57,"column":2},"end":{"line":69,"column":3}},"29":{"start":{"line":58,"column":27},"end":{"line":64,"column":8}},"30":{"start":{"line":65,"column":25},"end":{"line":65,"column":50}},"31":{"start":{"line":66,"column":6},"end":{"line":66,"column":78}},"32":{"start":{"line":68,"column":6},"end":{"line":68,"column":53}},"33":{"start":{"line":71,"column":2},"end":{"line":71,"column":40}},"34":{"start":{"line":72,"column":2},"end":{"line":72,"column":30}},"35":{"start":{"line":77,"column":4},"end":{"line":84,"column":5}},"36":{"start":{"line":78,"column":25},"end":{"line":78,"column":86}},"37":{"start":{"line":79,"column":25},"end":{"line":79,"column":46}},"38":{"start":{"line":80,"column":8},"end":{"line":80,"column":61}},"39":{"start":{"line":82,"column":8},"end":{"line":82,"column":61}},"40":{"start":{"line":83,"column":8},"end":{"line":83,"column":17}},"41":{"start":{"line":89,"column":21},"end":{"line":89,"column":59}},"42":{"start":{"line":90,"column":21},"end":{"line":90,"column":59}},"43":{"start":{"line":91,"column":22},"end":{"line":91,"column":61}},"44":{"start":{"line":92,"column":18},"end":{"line":92,"column":55}},"45":{"start":{"line":94,"column":2},"end":{"line":118,"column":3}},"46":{"start":{"line":94,"column":14},"end":{"line":94,"column":15}},"47":{"start":{"line":95,"column":18},"end":{"line":95,"column":29}},"48":{"start":{"line":96,"column":25},"end":{"line":96,"column":58}},"49":{"start":{"line":97,"column":19},"end":{"line":97,"column":47}},"50":{"start":{"line":98,"column":4},"end":{"line":98,"column":49}},"51":{"start":{"line":99,"column":4},"end":{"line":99,"column":41}},"52":{"start":{"line":100,"column":19},"end":{"line":100,"column":46}},"53":{"start":{"line":101,"column":4},"end":{"line":101,"column":44}},"54":{"start":{"line":102,"column":4},"end":{"line":102,"column":41}},"55":{"start":{"line":103,"column":14},"end":{"line":103,"column":43}},"56":{"start":{"line":104,"column":4},"end":{"line":104,"column":45}},"57":{"start":{"line":105,"column":4},"end":{"line":105,"column":37}},"58":{"start":{"line":106,"column":4},"end":{"line":106,"column":36}},"59":{"start":{"line":108,"column":24},"end":{"line":108,"column":56}},"60":{"start":{"line":109,"column":4},"end":{"line":109,"column":50}},"61":{"start":{"line":110,"column":4},"end":{"line":110,"column":50}},"62":{"start":{"line":113,"column":25},"end":{"line":113,"column":59}},"63":{"start":{"line":114,"column":4},"end":{"line":114,"column":83}},"64":{"start":{"line":116,"column":4},"end":{"line":116,"column":46}},"65":{"start":{"line":117,"column":4},"end":{"line":117,"column":45}},"66":{"start":{"line":123,"column":27},"end":{"line":123,"column":71}},"67":{"start":{"line":124,"column":4},"end":{"line":130,"column":5}},"68":{"start":{"line":125,"column":8},"end":{"line":129,"column":9}},"69":{"start":{"line":126,"column":33},"end":{"line":126,"column":65}},"70":{"start":{"line":127,"column":12},"end":{"line":127,"column":84}},"71":{"start":{"line":128,"column":12},"end":{"line":128,"column":18}},"72":{"start":{"line":135,"column":2},"end":{"line":135,"column":58}},"73":{"start":{"line":136,"column":2},"end":{"line":147,"column":3}},"74":{"start":{"line":137,"column":19},"end":{"line":137,"column":80}},"75":{"start":{"line":138,"column":19},"end":{"line":138,"column":40}},"76":{"start":{"line":140,"column":26},"end":{"line":140,"column":68}},"77":{"start":{"line":141,"column":4},"end":{"line":141,"column":62}},"78":{"start":{"line":143,"column":4},"end":{"line":143,"column":82}},"79":{"start":{"line":145,"column":4},"end":{"line":145,"column":52}},"80":{"start":{"line":146,"column":4},"end":{"line":146,"column":89}},"81":{"start":{"line":152,"column":2},"end":{"line":152,"column":36}},"82":{"start":{"line":153,"column":2},"end":{"line":155,"column":3}},"83":{"start":{"line":154,"column":4},"end":{"line":154,"column":62}},"84":{"start":{"line":157,"column":21},"end":{"line":157,"column":30}},"85":{"start":{"line":158,"column":25},"end":{"line":158,"column":27}},"86":{"start":{"line":160,"column":2},"end":{"line":163,"column":5}},"87":{"start":{"line":161,"column":4},"end":{"line":161,"column":25}},"88":{"start":{"line":162,"column":4},"end":{"line":162,"column":41}},"89":{"start":{"line":165,"column":2},"end":{"line":174,"column":5}},"90":{"start":{"line":167,"column":4},"end":{"line":173,"column":5}},"91":{"start":{"line":168,"column":21},"end":{"line":168,"column":54}},"92":{"start":{"line":169,"column":6},"end":{"line":169,"column":35}},"93":{"start":{"line":172,"column":6},"end":{"line":172,"column":35}},"94":{"start":{"line":178,"column":22},"end":{"line":178,"column":48}},"95":{"start":{"line":179,"column":28},"end":{"line":179,"column":99}},"96":{"start":{"line":181,"column":29},"end":{"line":181,"column":75}},"97":{"start":{"line":182,"column":29},"end":{"line":182,"column":75}},"98":{"start":{"line":184,"column":24},"end":{"line":184,"column":57}},"99":{"start":{"line":185,"column":24},"end":{"line":185,"column":146}},"100":{"start":{"line":187,"column":22},"end":{"line":197,"column":13}},"101":{"start":{"line":200,"column":4},"end":{"line":204,"column":5}},"102":{"start":{"line":201,"column":6},"end":{"line":203,"column":9}},"103":{"start":{"line":202,"column":8},"end":{"line":202,"column":55}},"104":{"start":{"line":206,"column":4},"end":{"line":206,"column":23}},"105":{"start":{"line":210,"column":2},"end":{"line":210,"column":72}},"106":{"start":{"line":210,"column":39},"end":{"line":210,"column":61}},"107":{"start":{"line":214,"column":19},"end":{"line":214,"column":20}},"108":{"start":{"line":215,"column":17},"end":{"line":220,"column":3}},"109":{"start":{"line":223,"column":2},"end":{"line":228,"column":3}},"110":{"start":{"line":224,"column":4},"end":{"line":226,"column":5}},"111":{"start":{"line":225,"column":6},"end":{"line":225,"column":33}},"112":{"start":{"line":227,"column":4},"end":{"line":227,"column":49}},"113":{"start":{"line":229,"column":2},"end":{"line":229,"column":20}},"114":{"start":{"line":233,"column":2},"end":{"line":233,"column":24}},"115":{"start":{"line":234,"column":20},"end":{"line":234,"column":86}},"116":{"start":{"line":235,"column":22},"end":{"line":235,"column":96}},"117":{"start":{"line":237,"column":2},"end":{"line":239,"column":3}},"118":{"start":{"line":238,"column":4},"end":{"line":238,"column":37}},"119":{"start":{"line":241,"column":2},"end":{"line":244,"column":3}},"120":{"start":{"line":242,"column":4},"end":{"line":242,"column":38}},"121":{"start":{"line":243,"column":4},"end":{"line":243,"column":34}},"122":{"start":{"line":246,"column":2},"end":{"line":246,"column":42}},"123":{"start":{"line":247,"column":2},"end":{"line":247,"column":35}},"124":{"start":{"line":250,"column":0},"end":{"line":254,"column":3}},"125":{"start":{"line":251,"column":2},"end":{"line":253,"column":3}},"126":{"start":{"line":252,"column":4},"end":{"line":252,"column":24}},"127":{"start":{"line":259,"column":2},"end":{"line":259,"column":40}},"128":{"start":{"line":259,"column":33},"end":{"line":259,"column":40}},"129":{"start":{"line":260,"column":2},"end":{"line":260,"column":35}},"130":{"start":{"line":262,"column":2},"end":{"line":406,"column":5}},"131":{"start":{"line":264,"column":26},"end":{"line":264,"column":61}},"132":{"start":{"line":265,"column":4},"end":{"line":277,"column":5}},"133":{"start":{"line":266,"column":6},"end":{"line":275,"column":7}},"134":{"start":{"line":267,"column":8},"end":{"line":267,"column":38}},"135":{"start":{"line":268,"column":8},"end":{"line":268,"column":59}},"136":{"start":{"line":269,"column":8},"end":{"line":269,"column":76}},"137":{"start":{"line":270,"column":8},"end":{"line":270,"column":75}},"138":{"start":{"line":271,"column":8},"end":{"line":271,"column":71}},"139":{"start":{"line":272,"column":8},"end":{"line":272,"column":39}},"140":{"start":{"line":274,"column":8},"end":{"line":274,"column":40}},"141":{"start":{"line":276,"column":6},"end":{"line":276,"column":13}},"142":{"start":{"line":279,"column":4},"end":{"line":283,"column":5}},"143":{"start":{"line":280,"column":6},"end":{"line":280,"column":73}},"144":{"start":{"line":281,"column":6},"end":{"line":281,"column":76}},"145":{"start":{"line":282,"column":6},"end":{"line":282,"column":13}},"146":{"start":{"line":285,"column":4},"end":{"line":289,"column":5}},"147":{"start":{"line":286,"column":6},"end":{"line":286,"column":72}},"148":{"start":{"line":287,"column":6},"end":{"line":287,"column":76}},"149":{"start":{"line":288,"column":6},"end":{"line":288,"column":13}},"150":{"start":{"line":291,"column":4},"end":{"line":295,"column":5}},"151":{"start":{"line":292,"column":6},"end":{"line":292,"column":73}},"152":{"start":{"line":293,"column":6},"end":{"line":293,"column":73}},"153":{"start":{"line":294,"column":6},"end":{"line":294,"column":13}},"154":{"start":{"line":297,"column":4},"end":{"line":302,"column":5}},"155":{"start":{"line":298,"column":6},"end":{"line":298,"column":72}},"156":{"start":{"line":299,"column":6},"end":{"line":299,"column":73}},"157":{"start":{"line":300,"column":6},"end":{"line":300,"column":76}},"158":{"start":{"line":301,"column":6},"end":{"line":301,"column":13}},"159":{"start":{"line":304,"column":4},"end":{"line":317,"column":5}},"160":{"start":{"line":305,"column":27},"end":{"line":305,"column":64}},"161":{"start":{"line":306,"column":6},"end":{"line":306,"column":46}},"162":{"start":{"line":306,"column":24},"end":{"line":306,"column":46}},"163":{"start":{"line":308,"column":19},"end":{"line":308,"column":49}},"164":{"start":{"line":309,"column":6},"end":{"line":309,"column":36}},"165":{"start":{"line":310,"column":6},"end":{"line":313,"column":8}},"166":{"start":{"line":314,"column":6},"end":{"line":314,"column":50}},"167":{"start":{"line":315,"column":6},"end":{"line":315,"column":44}},"168":{"start":{"line":316,"column":6},"end":{"line":316,"column":13}},"169":{"start":{"line":319,"column":4},"end":{"line":330,"column":5}},"170":{"start":{"line":320,"column":24},"end":{"line":320,"column":43}},"171":{"start":{"line":321,"column":23},"end":{"line":321,"column":85}},"172":{"start":{"line":322,"column":21},"end":{"line":322,"column":42}},"173":{"start":{"line":323,"column":6},"end":{"line":325,"column":7}},"174":{"start":{"line":324,"column":8},"end":{"line":324,"column":61}},"175":{"start":{"line":326,"column":24},"end":{"line":326,"column":67}},"176":{"start":{"line":327,"column":6},"end":{"line":327,"column":30}},"177":{"start":{"line":328,"column":6},"end":{"line":328,"column":42}},"178":{"start":{"line":329,"column":6},"end":{"line":329,"column":13}},"179":{"start":{"line":332,"column":4},"end":{"line":395,"column":5}},"180":{"start":{"line":333,"column":24},"end":{"line":333,"column":43}},"181":{"start":{"line":334,"column":26},"end":{"line":334,"column":84}},"182":{"start":{"line":336,"column":6},"end":{"line":393,"column":7}},"183":{"start":{"line":337,"column":8},"end":{"line":337,"column":29}},"184":{"start":{"line":338,"column":8},"end":{"line":338,"column":46}},"185":{"start":{"line":340,"column":8},"end":{"line":340,"column":51}},"186":{"start":{"line":342,"column":8},"end":{"line":342,"column":46}},"187":{"start":{"line":343,"column":8},"end":{"line":343,"column":42}},"188":{"start":{"line":345,"column":13},"end":{"line":393,"column":7}},"189":{"start":{"line":346,"column":26},"end":{"line":346,"column":47}},"190":{"start":{"line":348,"column":8},"end":{"line":390,"column":9}},"191":{"start":{"line":349,"column":24},"end":{"line":349,"column":47}},"192":{"start":{"line":350,"column":31},"end":{"line":350,"column":51}},"193":{"start":{"line":352,"column":10},"end":{"line":387,"column":11}},"194":{"start":{"line":353,"column":12},"end":{"line":384,"column":13}},"195":{"start":{"line":354,"column":31},"end":{"line":354,"column":54}},"196":{"start":{"line":355,"column":34},"end":{"line":355,"column":101}},"197":{"start":{"line":356,"column":32},"end":{"line":356,"column":95}},"198":{"start":{"line":358,"column":35},"end":{"line":360,"column":49}},"199":{"start":{"line":362,"column":31},"end":{"line":372,"column":16}},"200":{"start":{"line":374,"column":29},"end":{"line":374,"column":50}},"201":{"start":{"line":375,"column":14},"end":{"line":380,"column":15}},"202":{"start":{"line":376,"column":34},"end":{"line":376,"column":77}},"203":{"start":{"line":377,"column":16},"end":{"line":377,"column":40}},"204":{"start":{"line":379,"column":16},"end":{"line":379,"column":69}},"205":{"start":{"line":382,"column":14},"end":{"line":382,"column":63}},"206":{"start":{"line":383,"column":14},"end":{"line":383,"column":49}},"207":{"start":{"line":386,"column":12},"end":{"line":386,"column":70}},"208":{"start":{"line":389,"column":10},"end":{"line":389,"column":49}},"209":{"start":{"line":392,"column":8},"end":{"line":392,"column":28}},"210":{"start":{"line":394,"column":6},"end":{"line":394,"column":13}},"211":{"start":{"line":397,"column":4},"end":{"line":400,"column":5}},"212":{"start":{"line":398,"column":6},"end":{"line":398,"column":38}},"213":{"start":{"line":399,"column":6},"end":{"line":399,"column":13}},"214":{"start":{"line":402,"column":4},"end":{"line":405,"column":5}},"215":{"start":{"line":403,"column":6},"end":{"line":403,"column":39}},"216":{"start":{"line":404,"column":6},"end":{"line":404,"column":13}},"217":{"start":{"line":408,"column":2},"end":{"line":467,"column":5}},"218":{"start":{"line":409,"column":4},"end":{"line":438,"column":5}},"219":{"start":{"line":410,"column":6},"end":{"line":410,"column":37}},"220":{"start":{"line":411,"column":6},"end":{"line":411,"column":25}},"221":{"start":{"line":413,"column":24},"end":{"line":413,"column":67}},"222":{"start":{"line":414,"column":26},"end":{"line":414,"column":72}},"223":{"start":{"line":415,"column":23},"end":{"line":415,"column":39}},"224":{"start":{"line":417,"column":19},"end":{"line":422,"column":7}},"225":{"start":{"line":424,"column":6},"end":{"line":424,"column":52}},"226":{"start":{"line":426,"column":23},"end":{"line":432,"column":8}},"227":{"start":{"line":433,"column":21},"end":{"line":433,"column":42}},"228":{"start":{"line":434,"column":6},"end":{"line":434,"column":58}},"229":{"start":{"line":435,"column":6},"end":{"line":435,"column":30}},"230":{"start":{"line":436,"column":6},"end":{"line":436,"column":42}},"231":{"start":{"line":437,"column":6},"end":{"line":437,"column":13}},"232":{"start":{"line":440,"column":4},"end":{"line":466,"column":5}},"233":{"start":{"line":441,"column":6},"end":{"line":441,"column":25}},"234":{"start":{"line":443,"column":24},"end":{"line":443,"column":64}},"235":{"start":{"line":444,"column":23},"end":{"line":444,"column":48}},"236":{"start":{"line":445,"column":24},"end":{"line":445,"column":67}},"237":{"start":{"line":446,"column":23},"end":{"line":446,"column":29}},"238":{"start":{"line":448,"column":19},"end":{"line":453,"column":7}},"239":{"start":{"line":455,"column":23},"end":{"line":461,"column":8}},"240":{"start":{"line":462,"column":21},"end":{"line":462,"column":42}},"241":{"start":{"line":463,"column":6},"end":{"line":463,"column":30}},"242":{"start":{"line":464,"column":6},"end":{"line":464,"column":42}},"243":{"start":{"line":465,"column":6},"end":{"line":465,"column":13}},"244":{"start":{"line":470,"column":15},"end":{"line":470,"column":89}},"245":{"start":{"line":497,"column":0},"end":{"line":508,"column":2}},"246":{"start":{"line":498,"column":31},"end":{"line":498,"column":70}},"247":{"start":{"line":499,"column":4},"end":{"line":501,"column":5}},"248":{"start":{"line":500,"column":6},"end":{"line":500,"column":58}},"249":{"start":{"line":502,"column":4},"end":{"line":504,"column":5}},"250":{"start":{"line":503,"column":6},"end":{"line":503,"column":22}},"251":{"start":{"line":507,"column":4},"end":{"line":507,"column":31}}},"fnMap":{"0":{"name":"getFormattedDate","decl":{"start":{"line":6,"column":16},"end":{"line":6,"column":32}},"loc":{"start":{"line":6,"column":35},"end":{"line":17,"column":1}},"line":6},"1":{"name":"fetchApiKey","decl":{"start":{"line":20,"column":22},"end":{"line":20,"column":33}},"loc":{"start":{"line":20,"column":35},"end":{"line":29,"column":1}},"line":20},"2":{"name":"fetchArticles","decl":{"start":{"line":32,"column":22},"end":{"line":32,"column":35}},"loc":{"start":{"line":32,"column":37},"end":{"line":73,"column":1}},"line":32},"3":{"name":"getCommentCount","decl":{"start":{"line":76,"column":22},"end":{"line":76,"column":37}},"loc":{"start":{"line":76,"column":49},"end":{"line":85,"column":1}},"line":76},"4":{"name":"displayArticles","decl":{"start":{"line":88,"column":22},"end":{"line":88,"column":37}},"loc":{"start":{"line":88,"column":47},"end":{"line":119,"column":1}},"line":88},"5":{"name":"updateCommentCount","decl":{"start":{"line":122,"column":22},"end":{"line":122,"column":40}},"loc":{"start":{"line":122,"column":52},"end":{"line":131,"column":1}},"line":122},"6":{"name":"loadComments","decl":{"start":{"line":134,"column":22},"end":{"line":134,"column":34}},"loc":{"start":{"line":134,"column":46},"end":{"line":148,"column":1}},"line":134},"7":{"name":"renderComments","decl":{"start":{"line":151,"column":16},"end":{"line":151,"column":30}},"loc":{"start":{"line":151,"column":41},"end":{"line":211,"column":1}},"line":151},"8":{"name":"(anonymous_8)","decl":{"start":{"line":160,"column":19},"end":{"line":160,"column":20}},"loc":{"start":{"line":160,"column":30},"end":{"line":163,"column":3}},"line":160},"9":{"name":"(anonymous_9)","decl":{"start":{"line":165,"column":19},"end":{"line":165,"column":20}},"loc":{"start":{"line":165,"column":30},"end":{"line":174,"column":3}},"line":165},"10":{"name":"renderComment","decl":{"start":{"line":177,"column":11},"end":{"line":177,"column":24}},"loc":{"start":{"line":177,"column":45},"end":{"line":207,"column":3}},"line":177},"11":{"name":"(anonymous_11)","decl":{"start":{"line":201,"column":30},"end":{"line":201,"column":31}},"loc":{"start":{"line":201,"column":39},"end":{"line":203,"column":7}},"line":201},"12":{"name":"(anonymous_12)","decl":{"start":{"line":210,"column":28},"end":{"line":210,"column":29}},"loc":{"start":{"line":210,"column":39},"end":{"line":210,"column":61}},"line":210},"13":{"name":"getTextOffset","decl":{"start":{"line":213,"column":9},"end":{"line":213,"column":22}},"loc":{"start":{"line":213,"column":43},"end":{"line":230,"column":1}},"line":213},"14":{"name":"exitRedactionMode","decl":{"start":{"line":232,"column":9},"end":{"line":232,"column":26}},"loc":{"start":{"line":232,"column":29},"end":{"line":248,"column":1}},"line":232},"15":{"name":"(anonymous_15)","decl":{"start":{"line":250,"column":37},"end":{"line":250,"column":38}},"loc":{"start":{"line":250,"column":49},"end":{"line":254,"column":1}},"line":250},"16":{"name":"initializeEventListeners","decl":{"start":{"line":258,"column":9},"end":{"line":258,"column":33}},"loc":{"start":{"line":258,"column":36},"end":{"line":468,"column":1}},"line":258},"17":{"name":"(anonymous_17)","decl":{"start":{"line":262,"column":37},"end":{"line":262,"column":38}},"loc":{"start":{"line":262,"column":55},"end":{"line":406,"column":3}},"line":262},"18":{"name":"(anonymous_18)","decl":{"start":{"line":408,"column":38},"end":{"line":408,"column":39}},"loc":{"start":{"line":408,"column":56},"end":{"line":467,"column":3}},"line":408},"19":{"name":"(anonymous_19)","decl":{"start":{"line":497,"column":16},"end":{"line":497,"column":17}},"loc":{"start":{"line":497,"column":27},"end":{"line":508,"column":1}},"line":497}},"branchMap":{"0":{"loc":{"start":{"line":47,"column":14},"end":{"line":50,"column":15}},"type":"if","locations":[{"start":{"line":47,"column":14},"end":{"line":50,"column":15}},{"start":{},"end":{}}],"line":47},"1":{"loc":{"start":{"line":47,"column":17},"end":{"line":47,"column":129}},"type":"binary-expr","locations":[{"start":{"line":47,"column":17},"end":{"line":47,"column":50}},{"start":{"line":47,"column":55},"end":{"line":47,"column":91}},{"start":{"line":47,"column":96},"end":{"line":47,"column":127}}],"line":47},"2":{"loc":{"start":{"line":80,"column":15},"end":{"line":80,"column":60}},"type":"cond-expr","locations":[{"start":{"line":80,"column":41},"end":{"line":80,"column":56}},{"start":{"line":80,"column":59},"end":{"line":80,"column":60}}],"line":80},"3":{"loc":{"start":{"line":125,"column":8},"end":{"line":129,"column":9}},"type":"if","locations":[{"start":{"line":125,"column":8},"end":{"line":129,"column":9}},{"start":{},"end":{}}],"line":125},"4":{"loc":{"start":{"line":153,"column":2},"end":{"line":155,"column":3}},"type":"if","locations":[{"start":{"line":153,"column":2},"end":{"line":155,"column":3}},{"start":{},"end":{}}],"line":153},"5":{"loc":{"start":{"line":153,"column":6},"end":{"line":153,"column":40}},"type":"binary-expr","locations":[{"start":{"line":153,"column":6},"end":{"line":153,"column":15}},{"start":{"line":153,"column":19},"end":{"line":153,"column":40}}],"line":153},"6":{"loc":{"start":{"line":167,"column":4},"end":{"line":173,"column":5}},"type":"if","locations":[{"start":{"line":167,"column":4},"end":{"line":173,"column":5}},{"start":{"line":170,"column":11},"end":{"line":173,"column":5}}],"line":167},"7":{"loc":{"start":{"line":167,"column":8},"end":{"line":167,"column":62}},"type":"binary-expr","locations":[{"start":{"line":167,"column":8},"end":{"line":167,"column":25}},{"start":{"line":167,"column":29},"end":{"line":167,"column":62}}],"line":167},"8":{"loc":{"start":{"line":177,"column":34},"end":{"line":177,"column":43}},"type":"default-arg","locations":[{"start":{"line":177,"column":42},"end":{"line":177,"column":43}}],"line":177},"9":{"loc":{"start":{"line":179,"column":28},"end":{"line":179,"column":99}},"type":"binary-expr","locations":[{"start":{"line":179,"column":28},"end":{"line":179,"column":38}},{"start":{"line":179,"column":42},"end":{"line":179,"column":99}}],"line":179},"10":{"loc":{"start":{"line":181,"column":29},"end":{"line":181,"column":75}},"type":"binary-expr","locations":[{"start":{"line":181,"column":29},"end":{"line":181,"column":39}},{"start":{"line":181,"column":43},"end":{"line":181,"column":75}}],"line":181},"11":{"loc":{"start":{"line":182,"column":29},"end":{"line":182,"column":75}},"type":"binary-expr","locations":[{"start":{"line":182,"column":29},"end":{"line":182,"column":39}},{"start":{"line":182,"column":43},"end":{"line":182,"column":75}}],"line":182},"12":{"loc":{"start":{"line":184,"column":24},"end":{"line":184,"column":57}},"type":"cond-expr","locations":[{"start":{"line":184,"column":36},"end":{"line":184,"column":52}},{"start":{"line":184,"column":55},"end":{"line":184,"column":57}}],"line":184},"13":{"loc":{"start":{"line":185,"column":24},"end":{"line":185,"column":146}},"type":"cond-expr","locations":[{"start":{"line":185,"column":36},"end":{"line":185,"column":141}},{"start":{"line":185,"column":144},"end":{"line":185,"column":146}}],"line":185},"14":{"loc":{"start":{"line":190,"column":20},"end":{"line":190,"column":51}},"type":"binary-expr","locations":[{"start":{"line":190,"column":20},"end":{"line":190,"column":36}},{"start":{"line":190,"column":40},"end":{"line":190,"column":51}}],"line":190},"15":{"loc":{"start":{"line":193,"column":35},"end":{"line":193,"column":69}},"type":"cond-expr","locations":[{"start":{"line":193,"column":47},"end":{"line":193,"column":64}},{"start":{"line":193,"column":67},"end":{"line":193,"column":69}}],"line":193},"16":{"loc":{"start":{"line":194,"column":10},"end":{"line":194,"column":100}},"type":"cond-expr","locations":[{"start":{"line":194,"column":28},"end":{"line":194,"column":95}},{"start":{"line":194,"column":98},"end":{"line":194,"column":100}}],"line":194},"17":{"loc":{"start":{"line":195,"column":10},"end":{"line":195,"column":103}},"type":"cond-expr","locations":[{"start":{"line":195,"column":29},"end":{"line":195,"column":98}},{"start":{"line":195,"column":101},"end":{"line":195,"column":103}}],"line":195},"18":{"loc":{"start":{"line":196,"column":10},"end":{"line":196,"column":103}},"type":"cond-expr","locations":[{"start":{"line":196,"column":29},"end":{"line":196,"column":98}},{"start":{"line":196,"column":101},"end":{"line":196,"column":103}}],"line":196},"19":{"loc":{"start":{"line":200,"column":4},"end":{"line":204,"column":5}},"type":"if","locations":[{"start":{"line":200,"column":4},"end":{"line":204,"column":5}},{"start":{},"end":{}}],"line":200},"20":{"loc":{"start":{"line":200,"column":8},"end":{"line":200,"column":53}},"type":"binary-expr","locations":[{"start":{"line":200,"column":8},"end":{"line":200,"column":23}},{"start":{"line":200,"column":27},"end":{"line":200,"column":53}}],"line":200},"21":{"loc":{"start":{"line":224,"column":4},"end":{"line":226,"column":5}},"type":"if","locations":[{"start":{"line":224,"column":4},"end":{"line":226,"column":5}},{"start":{},"end":{}}],"line":224},"22":{"loc":{"start":{"line":237,"column":2},"end":{"line":239,"column":3}},"type":"if","locations":[{"start":{"line":237,"column":2},"end":{"line":239,"column":3}},{"start":{},"end":{}}],"line":237},"23":{"loc":{"start":{"line":241,"column":2},"end":{"line":244,"column":3}},"type":"if","locations":[{"start":{"line":241,"column":2},"end":{"line":244,"column":3}},{"start":{},"end":{}}],"line":241},"24":{"loc":{"start":{"line":251,"column":2},"end":{"line":253,"column":3}},"type":"if","locations":[{"start":{"line":251,"column":2},"end":{"line":253,"column":3}},{"start":{},"end":{}}],"line":251},"25":{"loc":{"start":{"line":251,"column":6},"end":{"line":251,"column":41}},"type":"binary-expr","locations":[{"start":{"line":251,"column":6},"end":{"line":251,"column":24}},{"start":{"line":251,"column":28},"end":{"line":251,"column":41}}],"line":251},"26":{"loc":{"start":{"line":259,"column":2},"end":{"line":259,"column":40}},"type":"if","locations":[{"start":{"line":259,"column":2},"end":{"line":259,"column":40}},{"start":{},"end":{}}],"line":259},"27":{"loc":{"start":{"line":265,"column":4},"end":{"line":277,"column":5}},"type":"if","locations":[{"start":{"line":265,"column":4},"end":{"line":277,"column":5}},{"start":{},"end":{}}],"line":265},"28":{"loc":{"start":{"line":266,"column":6},"end":{"line":275,"column":7}},"type":"if","locations":[{"start":{"line":266,"column":6},"end":{"line":275,"column":7}},{"start":{"line":273,"column":13},"end":{"line":275,"column":7}}],"line":266},"29":{"loc":{"start":{"line":279,"column":4},"end":{"line":283,"column":5}},"type":"if","locations":[{"start":{"line":279,"column":4},"end":{"line":283,"column":5}},{"start":{},"end":{}}],"line":279},"30":{"loc":{"start":{"line":285,"column":4},"end":{"line":289,"column":5}},"type":"if","locations":[{"start":{"line":285,"column":4},"end":{"line":289,"column":5}},{"start":{},"end":{}}],"line":285},"31":{"loc":{"start":{"line":291,"column":4},"end":{"line":295,"column":5}},"type":"if","locations":[{"start":{"line":291,"column":4},"end":{"line":295,"column":5}},{"start":{},"end":{}}],"line":291},"32":{"loc":{"start":{"line":297,"column":4},"end":{"line":302,"column":5}},"type":"if","locations":[{"start":{"line":297,"column":4},"end":{"line":302,"column":5}},{"start":{},"end":{}}],"line":297},"33":{"loc":{"start":{"line":304,"column":4},"end":{"line":317,"column":5}},"type":"if","locations":[{"start":{"line":304,"column":4},"end":{"line":317,"column":5}},{"start":{},"end":{}}],"line":304},"34":{"loc":{"start":{"line":306,"column":6},"end":{"line":306,"column":46}},"type":"if","locations":[{"start":{"line":306,"column":6},"end":{"line":306,"column":46}},{"start":{},"end":{}}],"line":306},"35":{"loc":{"start":{"line":319,"column":4},"end":{"line":330,"column":5}},"type":"if","locations":[{"start":{"line":319,"column":4},"end":{"line":330,"column":5}},{"start":{},"end":{}}],"line":319},"36":{"loc":{"start":{"line":323,"column":6},"end":{"line":325,"column":7}},"type":"if","locations":[{"start":{"line":323,"column":6},"end":{"line":325,"column":7}},{"start":{},"end":{}}],"line":323},"37":{"loc":{"start":{"line":324,"column":14},"end":{"line":324,"column":59}},"type":"binary-expr","locations":[{"start":{"line":324,"column":14},"end":{"line":324,"column":28}},{"start":{"line":324,"column":32},"end":{"line":324,"column":59}}],"line":324},"38":{"loc":{"start":{"line":332,"column":4},"end":{"line":395,"column":5}},"type":"if","locations":[{"start":{"line":332,"column":4},"end":{"line":395,"column":5}},{"start":{},"end":{}}],"line":332},"39":{"loc":{"start":{"line":336,"column":6},"end":{"line":393,"column":7}},"type":"if","locations":[{"start":{"line":336,"column":6},"end":{"line":393,"column":7}},{"start":{"line":345,"column":13},"end":{"line":393,"column":7}}],"line":336},"40":{"loc":{"start":{"line":345,"column":13},"end":{"line":393,"column":7}},"type":"if","locations":[{"start":{"line":345,"column":13},"end":{"line":393,"column":7}},{"start":{},"end":{}}],"line":345},"41":{"loc":{"start":{"line":348,"column":8},"end":{"line":390,"column":9}},"type":"if","locations":[{"start":{"line":348,"column":8},"end":{"line":390,"column":9}},{"start":{"line":388,"column":15},"end":{"line":390,"column":9}}],"line":348},"42":{"loc":{"start":{"line":352,"column":10},"end":{"line":387,"column":11}},"type":"if","locations":[{"start":{"line":352,"column":10},"end":{"line":387,"column":11}},{"start":{"line":385,"column":17},"end":{"line":387,"column":11}}],"line":352},"43":{"loc":{"start":{"line":352,"column":14},"end":{"line":352,"column":81}},"type":"binary-expr","locations":[{"start":{"line":352,"column":14},"end":{"line":352,"column":26}},{"start":{"line":352,"column":30},"end":{"line":352,"column":81}}],"line":352},"44":{"loc":{"start":{"line":375,"column":14},"end":{"line":380,"column":15}},"type":"if","locations":[{"start":{"line":375,"column":14},"end":{"line":380,"column":15}},{"start":{"line":378,"column":21},"end":{"line":380,"column":15}}],"line":375},"45":{"loc":{"start":{"line":379,"column":22},"end":{"line":379,"column":67}},"type":"binary-expr","locations":[{"start":{"line":379,"column":22},"end":{"line":379,"column":36}},{"start":{"line":379,"column":40},"end":{"line":379,"column":67}}],"line":379},"46":{"loc":{"start":{"line":397,"column":4},"end":{"line":400,"column":5}},"type":"if","locations":[{"start":{"line":397,"column":4},"end":{"line":400,"column":5}},{"start":{},"end":{}}],"line":397},"47":{"loc":{"start":{"line":402,"column":4},"end":{"line":405,"column":5}},"type":"if","locations":[{"start":{"line":402,"column":4},"end":{"line":405,"column":5}},{"start":{},"end":{}}],"line":402},"48":{"loc":{"start":{"line":402,"column":8},"end":{"line":402,"column":82}},"type":"binary-expr","locations":[{"start":{"line":402,"column":8},"end":{"line":402,"column":39}},{"start":{"line":402,"column":43},"end":{"line":402,"column":82}}],"line":402},"49":{"loc":{"start":{"line":409,"column":4},"end":{"line":438,"column":5}},"type":"if","locations":[{"start":{"line":409,"column":4},"end":{"line":438,"column":5}},{"start":{},"end":{}}],"line":409},"50":{"loc":{"start":{"line":440,"column":4},"end":{"line":466,"column":5}},"type":"if","locations":[{"start":{"line":440,"column":4},"end":{"line":466,"column":5}},{"start":{},"end":{}}],"line":440},"51":{"loc":{"start":{"line":470,"column":15},"end":{"line":470,"column":89}},"type":"binary-expr","locations":[{"start":{"line":470,"column":15},"end":{"line":470,"column":45}},{"start":{"line":470,"column":49},"end":{"line":470,"column":89}}],"line":470},"52":{"loc":{"start":{"line":499,"column":4},"end":{"line":501,"column":5}},"type":"if","locations":[{"start":{"line":499,"column":4},"end":{"line":501,"column":5}},{"start":{},"end":{}}],"line":499},"53":{"loc":{"start":{"line":502,"column":4},"end":{"line":504,"column":5}},"type":"if","locations":[{"start":{"line":502,"column":4},"end":{"line":504,"column":5}},{"start":{},"end":{}}],"line":502}},"s":{"0":1,"1":1,"2":1,"3":1,"4":1,"5":1,"6":1,"7":1,"8":1,"9":1,"10":1,"11":1,"12":0,"13":0,"14":0,"15":0,"16":0,"17":0,"18":0,"19":0,"20":0,"21":0,"22":0,"23":0,"24":0,"25":0,"26":0,"27":0,"28":0,"29":0,"30":0,"31":0,"32":0,"33":0,"34":0,"35":1,"36":1,"37":1,"38":1,"39":0,"40":0,"41":0,"42":0,"43":0,"44":0,"45":0,"46":0,"47":0,"48":0,"49":0,"50":0,"51":0,"52":0,"53":0,"54":0,"55":0,"56":0,"57":0,"58":0,"59":0,"60":0,"61":0,"62":0,"63":0,"64":0,"65":0,"66":1,"67":1,"68":0,"69":0,"70":0,"71":0,"72":2,"73":2,"74":2,"75":2,"76":2,"77":2,"78":0,"79":2,"80":2,"81":2,"82":2,"83":1,"84":1,"85":1,"86":1,"87":1,"88":1,"89":1,"90":1,"91":0,"92":0,"93":1,"94":1,"95":1,"96":1,"97":1,"98":1,"99":1,"100":1,"101":1,"102":0,"103":0,"104":1,"105":1,"106":1,"107":0,"108":0,"109":0,"110":0,"111":0,"112":0,"113":0,"114":0,"115":0,"116":0,"117":0,"118":0,"119":0,"120":0,"121":0,"122":0,"123":0,"124":1,"125":0,"126":0,"127":1,"128":0,"129":1,"130":1,"131":8,"132":8,"133":1,"134":0,"135":0,"136":0,"137":0,"138":0,"139":0,"140":1,"141":1,"142":7,"143":0,"144":0,"145":0,"146":7,"147":1,"148":1,"149":1,"150":6,"151":0,"152":0,"153":0,"154":6,"155":1,"156":1,"157":1,"158":1,"159":5,"160":0,"161":0,"162":0,"163":0,"164":0,"165":0,"166":0,"167":0,"168":0,"169":5,"170":1,"171":1,"172":1,"173":1,"174":0,"175":1,"176":1,"177":1,"178":1,"179":4,"180":0,"181":0,"182":0,"183":0,"184":0,"185":0,"186":0,"187":0,"188":0,"189":0,"190":0,"191":0,"192":0,"193":0,"194":0,"195":0,"196":0,"197":0,"198":0,"199":0,"200":0,"201":0,"202":0,"203":0,"204":0,"205":0,"206":0,"207":0,"208":0,"209":0,"210":0,"211":4,"212":0,"213":0,"214":4,"215":1,"216":1,"217":1,"218":0,"219":0,"220":0,"221":0,"222":0,"223":0,"224":0,"225":0,"226":0,"227":0,"228":0,"229":0,"230":0,"231":0,"232":0,"233":0,"234":0,"235":0,"236":0,"237":0,"238":0,"239":0,"240":0,"241":0,"242":0,"243":0,"244":1,"245":1,"246":1,"247":1,"248":1,"249":1,"250":0,"251":1},"f":{"0":1,"1":1,"2":0,"3":1,"4":0,"5":1,"6":2,"7":2,"8":1,"9":1,"10":1,"11":0,"12":1,"13":0,"14":0,"15":0,"16":1,"17":8,"18":0,"19":1},"b":{"0":[0,0],"1":[0,0,0],"2":[1,0],"3":[0,0],"4":[1,1],"5":[2,2],"6":[0,1],"7":[1,0],"8":[1],"9":[1,1],"10":[1,1],"11":[1,1],"12":[0,1],"13":[0,1],"14":[1,0],"15":[0,1],"16":[1,0],"17":[0,1],"18":[0,1],"19":[0,1],"20":[1,1],"21":[0,0],"22":[0,0],"23":[0,0],"24":[0,0],"25":[0,0],"26":[0,1],"27":[1,7],"28":[0,1],"29":[0,7],"30":[1,6],"31":[0,6],"32":[1,5],"33":[0,5],"34":[0,0],"35":[1,4],"36":[0,1],"37":[0,0],"38":[0,4],"39":[0,0],"40":[0,0],"41":[0,0],"42":[0,0],"43":[0,0],"44":[0,0],"45":[0,0],"46":[0,4],"47":[1,3],"48":[4,4],"49":[0,0],"50":[0,0],"51":[1,1],"52":[1,0],"53":[0,1]},"_coverageSchema":"1a1c01bbd47fc00a2c39e90264f33305004495a9","hash":"b4d9db33b9a3e227fa9421e0dca35bed52ba617c"}
}
