TN:
SF:static\main.js
FN:6,getFormattedDate
FN:20,fetchApiKey
FN:32,fetchArticles
FN:76,getCommentCount
FN:88,displayArticles
FN:122,updateCommentCount
FN:134,loadComments
FN:151,renderComments
FN:160,(anonymous_8)
FN:165,(anonymous_9)
FN:177,renderComment
FN:201,(anonymous_11)
FN:210,(anonymous_12)
FN:213,getTextOffset
FN:232,exitRedactionMode
FN:250,(anonymous_15)
FN:258,initializeEventListeners
FN:262,(anonymous_17)
FN:408,(anonymous_18)
FN:497,(anonymous_19)
FNF:20
FNH:13
FNDA:1,getFormattedDate
FNDA:1,fetchApiKey
FNDA:0,fetchArticles
FNDA:1,getCommentCount
FNDA:0,displayArticles
FNDA:1,updateCommentCount
FNDA:2,loadComments
FNDA:2,renderComments
FNDA:1,(anonymous_8)
FNDA:1,(anonymous_9)
FNDA:1,renderComment
FNDA:0,(anonymous_11)
FNDA:1,(anonymous_12)
FNDA:0,getTextOffset
FNDA:0,exitRedactionMode
FNDA:0,(anonymous_15)
FNDA:1,initializeEventListeners
FNDA:8,(anonymous_17)
FNDA:0,(anonymous_18)
FNDA:1,(anonymous_19)
DA:1,1
DA:2,1
DA:3,1
DA:4,1
DA:7,1
DA:9,1
DA:16,1
DA:21,1
DA:23,1
DA:24,1
DA:25,1
DA:30,1
DA:33,0
DA:34,0
DA:35,0
DA:37,0
DA:38,0
DA:39,0
DA:40,0
DA:41,0
DA:42,0
DA:44,0
DA:45,0
DA:46,0
DA:47,0
DA:48,0
DA:49,0
DA:53,0
DA:57,0
DA:58,0
DA:65,0
DA:66,0
DA:68,0
DA:71,0
DA:72,0
DA:77,1
DA:78,1
DA:79,1
DA:80,1
DA:82,0
DA:83,0
DA:89,0
DA:90,0
DA:91,0
DA:92,0
DA:94,0
DA:95,0
DA:96,0
DA:97,0
DA:98,0
DA:99,0
DA:100,0
DA:101,0
DA:102,0
DA:103,0
DA:104,0
DA:105,0
DA:106,0
DA:108,0
DA:109,0
DA:110,0
DA:113,0
DA:114,0
DA:116,0
DA:117,0
DA:123,1
DA:124,1
DA:125,0
DA:126,0
DA:127,0
DA:128,0
DA:135,2
DA:136,2
DA:137,2
DA:138,2
DA:140,2
DA:141,2
DA:143,0
DA:145,2
DA:146,2
DA:152,2
DA:153,2
DA:154,1
DA:157,1
DA:158,1
DA:160,1
DA:161,1
DA:162,1
DA:165,1
DA:167,1
DA:168,0
DA:169,0
DA:172,1
DA:178,1
DA:179,1
DA:181,1
DA:182,1
DA:184,1
DA:185,1
DA:187,1
DA:200,1
DA:201,0
DA:202,0
DA:206,1
DA:210,1
DA:214,0
DA:215,0
DA:223,0
DA:224,0
DA:225,0
DA:227,0
DA:229,0
DA:233,0
DA:234,0
DA:235,0
DA:237,0
DA:238,0
DA:241,0
DA:242,0
DA:243,0
DA:246,0
DA:247,0
DA:250,1
DA:251,0
DA:252,0
DA:259,1
DA:260,1
DA:262,1
DA:264,8
DA:265,8
DA:266,1
DA:267,0
DA:268,0
DA:269,0
DA:270,0
DA:271,0
DA:272,0
DA:274,1
DA:276,1
DA:279,7
DA:280,0
DA:281,0
DA:282,0
DA:285,7
DA:286,1
DA:287,1
DA:288,1
DA:291,6
DA:292,0
DA:293,0
DA:294,0
DA:297,6
DA:298,1
DA:299,1
DA:300,1
DA:301,1
DA:304,5
DA:305,0
DA:306,0
DA:308,0
DA:309,0
DA:310,0
DA:314,0
DA:315,0
DA:316,0
DA:319,5
DA:320,1
DA:321,1
DA:322,1
DA:323,1
DA:324,0
DA:326,1
DA:327,1
DA:328,1
DA:329,1
DA:332,4
DA:333,0
DA:334,0
DA:336,0
DA:337,0
DA:338,0
DA:340,0
DA:342,0
DA:343,0
DA:345,0
DA:346,0
DA:348,0
DA:349,0
DA:350,0
DA:352,0
DA:353,0
DA:354,0
DA:355,0
DA:356,0
DA:358,0
DA:362,0
DA:374,0
DA:375,0
DA:376,0
DA:377,0
DA:379,0
DA:382,0
DA:383,0
DA:386,0
DA:389,0
DA:392,0
DA:394,0
DA:397,4
DA:398,0
DA:399,0
DA:402,4
DA:403,1
DA:404,1
DA:408,1
DA:409,0
DA:410,0
DA:411,0
DA:413,0
DA:414,0
DA:415,0
DA:417,0
DA:424,0
DA:426,0
DA:433,0
DA:434,0
DA:435,0
DA:436,0
DA:437,0
DA:440,0
DA:441,0
DA:443,0
DA:444,0
DA:445,0
DA:446,0
DA:448,0
DA:455,0
DA:462,0
DA:463,0
DA:464,0
DA:465,0
DA:470,1
DA:497,1
DA:498,1
DA:499,1
DA:500,1
DA:502,1
DA:503,0
DA:507,1
LF:248
LH:90
BRDA:47,0,0,0
BRDA:47,0,1,0
BRDA:47,1,0,0
BRDA:47,1,1,0
BRDA:47,1,2,0
BRDA:80,2,0,1
BRDA:80,2,1,0
BRDA:125,3,0,0
BRDA:125,3,1,0
BRDA:153,4,0,1
BRDA:153,4,1,1
BRDA:153,5,0,2
BRDA:153,5,1,2
BRDA:167,6,0,0
BRDA:167,6,1,1
BRDA:167,7,0,1
BRDA:167,7,1,0
BRDA:177,8,0,1
BRDA:179,9,0,1
BRDA:179,9,1,1
BRDA:181,10,0,1
BRDA:181,10,1,1
BRDA:182,11,0,1
BRDA:182,11,1,1
BRDA:184,12,0,0
BRDA:184,12,1,1
BRDA:185,13,0,0
BRDA:185,13,1,1
BRDA:190,14,0,1
BRDA:190,14,1,0
BRDA:193,15,0,0
BRDA:193,15,1,1
BRDA:194,16,0,1
BRDA:194,16,1,0
BRDA:195,17,0,0
BRDA:195,17,1,1
BRDA:196,18,0,0
BRDA:196,18,1,1
BRDA:200,19,0,0
BRDA:200,19,1,1
BRDA:200,20,0,1
BRDA:200,20,1,1
BRDA:224,21,0,0
BRDA:224,21,1,0
BRDA:237,22,0,0
BRDA:237,22,1,0
BRDA:241,23,0,0
BRDA:241,23,1,0
BRDA:251,24,0,0
BRDA:251,24,1,0
BRDA:251,25,0,0
BRDA:251,25,1,0
BRDA:259,26,0,0
BRDA:259,26,1,1
BRDA:265,27,0,1
BRDA:265,27,1,7
BRDA:266,28,0,0
BRDA:266,28,1,1
BRDA:279,29,0,0
BRDA:279,29,1,7
BRDA:285,30,0,1
BRDA:285,30,1,6
BRDA:291,31,0,0
BRDA:291,31,1,6
BRDA:297,32,0,1
BRDA:297,32,1,5
BRDA:304,33,0,0
BRDA:304,33,1,5
BRDA:306,34,0,0
BRDA:306,34,1,0
BRDA:319,35,0,1
BRDA:319,35,1,4
BRDA:323,36,0,0
BRDA:323,36,1,1
BRDA:324,37,0,0
BRDA:324,37,1,0
BRDA:332,38,0,0
BRDA:332,38,1,4
BRDA:336,39,0,0
BRDA:336,39,1,0
BRDA:345,40,0,0
BRDA:345,40,1,0
BRDA:348,41,0,0
BRDA:348,41,1,0
BRDA:352,42,0,0
BRDA:352,42,1,0
BRDA:352,43,0,0
BRDA:352,43,1,0
BRDA:375,44,0,0
BRDA:375,44,1,0
BRDA:379,45,0,0
BRDA:379,45,1,0
BRDA:397,46,0,0
BRDA:397,46,1,4
BRDA:402,47,0,1
BRDA:402,47,1,3
BRDA:402,48,0,4
BRDA:402,48,1,4
BRDA:409,49,0,0
BRDA:409,49,1,0
BRDA:440,50,0,0
BRDA:440,50,1,0
BRDA:470,51,0,1
BRDA:470,51,1,1
BRDA:499,52,0,1
BRDA:499,52,1,0
BRDA:502,53,0,0
BRDA:502,53,1,1
BRF:108
BRH:48
end_of_record
